  Using bundled DotNet SDK version: 6.0.302
  Running UnrealBuildTool: dotnet "..\..\Engine\Binaries\DotNET\UnrealBuildTool\UnrealBuildTool.dll" Tutorial_IslandEditor Win64 Development -Project="D:\Repos\UnrealPlayground\Tutorial_Island\Tutorial_Island.uproject" -WaitMutex -FromMsBuild
  Log file: C:\Users\kodyb\AppData\Local\UnrealBuildTool\Log.txt
  Using 'git status' to determine working set for adaptive non-unity build (D:\Repos\UnrealPlayground).
  Invalidating makefile for Tutorial_IslandEditor (working set of source files changed)
  Building Tutorial_IslandEditor...
  Using Visual Studio 2022 14.34.31947 toolchain (C:\Program Files\Microsoft Visual Studio\2022\Community\VC\Tools\MSVC\14.34.31933) and Windows 10.0.22621.0 SDK (C:\Program Files (x86)\Windows Kits\10).
  [Upgrade]
  [Upgrade] Using backward-compatible include order. The latest version of UE has changed the order of includes, which may require code changes. The current setting is:
  [Upgrade]     IncludeOrderVersion = EngineIncludeOrderVersion.Unreal5_1
  [Upgrade] Suppress this message by setting 'IncludeOrderVersion = EngineIncludeOrderVersion.Unreal5_2;' in Tutorial_IslandEditor.Target.cs.
  [Upgrade] Alternatively you can set this to 'EngineIncludeOrderVersion.Latest' to always use the latest include order. This will potentially cause compile errors when integrating new versions of the engine.
  [Upgrade]
  [Adaptive Build] Excluded from Tutorial_Island unity file: CPP_Actor.cpp, CPP_Object.cpp
  Determining max actions to execute in parallel (4 physical cores, 8 logical cores)
    Executing up to 4 processes, one per physical core
  Building 6 actions with 4 processes...
  [1/6] Compile [x64] Tutorial_Island.init.gen.cpp
  [2/6] Compile [x64] CPP_Object.gen.cpp
  [3/6] Compile [x64] CPP_Object.cpp
  [4/6] Link [x64] UnrealEditor-Tutorial_Island-0006.lib
     Creating library D:\Repos\UnrealPlayground\Tutorial_Island\Intermediate\Build\Win64\x64\UnrealEditor\Development\Tutorial_Island\UnrealEditor-Tutorial_Island-0006.lib and object D:\Repos\UnrealPlayground\Tutorial_Island\Intermediate\Build\Win64\x64\UnrealEditor\Development\Tutorial_Island\UnrealEditor-Tutorial_Island-0006.exp
  [5/6] Link [x64] UnrealEditor-Tutorial_Island-0006.dll
     Creating library D:\Repos\UnrealPlayground\Tutorial_Island\Intermediate\Build\Win64\x64\UnrealEditor\Development\Tutorial_Island\UnrealEditor-Tutorial_Island-0006.suppressed.lib and object D:\Repos\UnrealPlayground\Tutorial_Island\Intermediate\Build\Win64\x64\UnrealEditor\Development\Tutorial_Island\UnrealEditor-Tutorial_Island-0006.suppressed.exp
  [6/6] WriteMetadata Tutorial_IslandEditor.target
  Total time in Parallel executor: 2.25 seconds
  Total execution time: 6.23 seconds
